{"D:\\node js projects\\parcel_company\\app.js": {"path":"D:\\node js projects\\parcel_company\\app.js","statementMap":{"0":{"start":{"line":1,"column":18},"end":{"line":1,"column":40}},"1":{"start":{"line":2,"column":14},"end":{"line":2,"column":32}},"2":{"start":{"line":3,"column":11},"end":{"line":3,"column":26}},"3":{"start":{"line":4,"column":19},"end":{"line":4,"column":43}},"4":{"start":{"line":5,"column":13},"end":{"line":5,"column":30}},"5":{"start":{"line":6,"column":10},"end":{"line":6,"column":24}},"6":{"start":{"line":9,"column":17},"end":{"line":9,"column":41}},"7":{"start":{"line":10,"column":18},"end":{"line":10,"column":43}},"8":{"start":{"line":11,"column":19},"end":{"line":11,"column":45}},"9":{"start":{"line":13,"column":10},"end":{"line":13,"column":19}},"10":{"start":{"line":14,"column":14},"end":{"line":14,"column":40}},"11":{"start":{"line":15,"column":19},"end":{"line":15,"column":41}},"12":{"start":{"line":17,"column":0},"end":{"line":17,"column":27}},"13":{"start":{"line":18,"column":0},"end":{"line":18,"column":49}},"14":{"start":{"line":19,"column":0},"end":{"line":19,"column":70}},"15":{"start":{"line":23,"column":0},"end":{"line":23,"column":48}},"16":{"start":{"line":24,"column":0},"end":{"line":24,"column":30}},"17":{"start":{"line":26,"column":0},"end":{"line":26,"column":23}},"18":{"start":{"line":27,"column":0},"end":{"line":27,"column":24}},"19":{"start":{"line":28,"column":0},"end":{"line":28,"column":49}},"20":{"start":{"line":29,"column":0},"end":{"line":29,"column":24}},"21":{"start":{"line":30,"column":0},"end":{"line":30,"column":56}},"22":{"start":{"line":32,"column":0},"end":{"line":32,"column":25}},"23":{"start":{"line":33,"column":0},"end":{"line":33,"column":31}},"24":{"start":{"line":34,"column":0},"end":{"line":34,"column":33}},"25":{"start":{"line":37,"column":0},"end":{"line":39,"column":3}},"26":{"start":{"line":38,"column":2},"end":{"line":38,"column":25}},"27":{"start":{"line":42,"column":0},"end":{"line":50,"column":3}},"28":{"start":{"line":44,"column":2},"end":{"line":44,"column":35}},"29":{"start":{"line":45,"column":2},"end":{"line":45,"column":69}},"30":{"start":{"line":48,"column":2},"end":{"line":48,"column":32}},"31":{"start":{"line":49,"column":2},"end":{"line":49,"column":22}},"32":{"start":{"line":52,"column":0},"end":{"line":54,"column":2}},"33":{"start":{"line":53,"column":2},"end":{"line":53,"column":67}},"34":{"start":{"line":55,"column":0},"end":{"line":58,"column":3}},"35":{"start":{"line":56,"column":2},"end":{"line":56,"column":42}},"36":{"start":{"line":56,"column":16},"end":{"line":56,"column":40}},"37":{"start":{"line":57,"column":2},"end":{"line":57,"column":31}},"38":{"start":{"line":61,"column":0},"end":{"line":61,"column":21}}},"fnMap":{"0":{"name":"(anonymous_0)","decl":{"start":{"line":37,"column":8},"end":{"line":37,"column":9}},"loc":{"start":{"line":37,"column":33},"end":{"line":39,"column":1}},"line":37},"1":{"name":"(anonymous_1)","decl":{"start":{"line":42,"column":8},"end":{"line":42,"column":9}},"loc":{"start":{"line":42,"column":38},"end":{"line":50,"column":1}},"line":42},"2":{"name":"(anonymous_2)","decl":{"start":{"line":52,"column":31},"end":{"line":52,"column":32}},"loc":{"start":{"line":52,"column":61},"end":{"line":54,"column":1}},"line":52},"3":{"name":"(anonymous_3)","decl":{"start":{"line":55,"column":30},"end":{"line":55,"column":31}},"loc":{"start":{"line":55,"column":55},"end":{"line":58,"column":1}},"line":55}},"branchMap":{"0":{"loc":{"start":{"line":45,"column":21},"end":{"line":45,"column":68}},"type":"cond-expr","locations":[{"start":{"line":45,"column":60},"end":{"line":45,"column":63}},{"start":{"line":45,"column":66},"end":{"line":45,"column":68}}],"line":45},"1":{"loc":{"start":{"line":48,"column":13},"end":{"line":48,"column":30}},"type":"binary-expr","locations":[{"start":{"line":48,"column":13},"end":{"line":48,"column":23}},{"start":{"line":48,"column":27},"end":{"line":48,"column":30}}],"line":48},"2":{"loc":{"start":{"line":53,"column":9},"end":{"line":53,"column":66}},"type":"cond-expr","locations":[{"start":{"line":53,"column":26},"end":{"line":53,"column":42}},{"start":{"line":53,"column":45},"end":{"line":53,"column":66}}],"line":53},"3":{"loc":{"start":{"line":56,"column":2},"end":{"line":56,"column":42}},"type":"if","locations":[{"start":{"line":56,"column":2},"end":{"line":56,"column":42}},{"start":{},"end":{}}],"line":56}},"s":{"0":3,"1":3,"2":3,"3":3,"4":3,"5":3,"6":3,"7":3,"8":3,"9":3,"10":3,"11":3,"12":3,"13":3,"14":3,"15":3,"16":3,"17":3,"18":3,"19":3,"20":3,"21":3,"22":3,"23":3,"24":3,"25":3,"26":0,"27":3,"28":0,"29":0,"30":0,"31":0,"32":3,"33":60,"34":3,"35":0,"36":0,"37":0,"38":3},"f":{"0":0,"1":0,"2":60,"3":0},"b":{"0":[0,0],"1":[0,0],"2":[24,36],"3":[0,0]},"_coverageSchema":"1a1c01bbd47fc00a2c39e90264f33305004495a9","hash":"b2fc4277ddf64adbc66f95f4086924711a22c57e"}
,"D:\\node js projects\\parcel_company\\controllers\\homeController.js": {"path":"D:\\node js projects\\parcel_company\\controllers\\homeController.js","statementMap":{"0":{"start":{"line":2,"column":13},"end":{"line":9,"column":1}},"1":{"start":{"line":3,"column":8},"end":{"line":7,"column":9}},"2":{"start":{"line":4,"column":16},"end":{"line":4,"column":97}},"3":{"start":{"line":5,"column":14},"end":{"line":7,"column":9}},"4":{"start":{"line":6,"column":16},"end":{"line":6,"column":81}},"5":{"start":{"line":8,"column":8},"end":{"line":8,"column":48}},"6":{"start":{"line":11,"column":14},"end":{"line":13,"column":1}},"7":{"start":{"line":12,"column":8},"end":{"line":12,"column":51}},"8":{"start":{"line":15,"column":17},"end":{"line":25,"column":1}},"9":{"start":{"line":16,"column":8},"end":{"line":16,"column":31}},"10":{"start":{"line":17,"column":8},"end":{"line":17,"column":24}},"11":{"start":{"line":18,"column":8},"end":{"line":23,"column":9}},"12":{"start":{"line":19,"column":16},"end":{"line":19,"column":41}},"13":{"start":{"line":20,"column":16},"end":{"line":20,"column":81}},"14":{"start":{"line":22,"column":13},"end":{"line":22,"column":89}},"15":{"start":{"line":27,"column":0},"end":{"line":31,"column":1}}},"fnMap":{"0":{"name":"(anonymous_0)","decl":{"start":{"line":2,"column":13},"end":{"line":2,"column":14}},"loc":{"start":{"line":2,"column":25},"end":{"line":9,"column":1}},"line":2},"1":{"name":"(anonymous_1)","decl":{"start":{"line":11,"column":14},"end":{"line":11,"column":15}},"loc":{"start":{"line":11,"column":26},"end":{"line":13,"column":1}},"line":11},"2":{"name":"(anonymous_2)","decl":{"start":{"line":15,"column":17},"end":{"line":15,"column":18}},"loc":{"start":{"line":15,"column":28},"end":{"line":25,"column":1}},"line":15}},"branchMap":{"0":{"loc":{"start":{"line":3,"column":8},"end":{"line":7,"column":9}},"type":"if","locations":[{"start":{"line":3,"column":8},"end":{"line":7,"column":9}},{"start":{"line":5,"column":14},"end":{"line":7,"column":9}}],"line":3},"1":{"loc":{"start":{"line":5,"column":14},"end":{"line":7,"column":9}},"type":"if","locations":[{"start":{"line":5,"column":14},"end":{"line":7,"column":9}},{"start":{},"end":{}}],"line":5},"2":{"loc":{"start":{"line":18,"column":8},"end":{"line":23,"column":9}},"type":"if","locations":[{"start":{"line":18,"column":8},"end":{"line":23,"column":9}},{"start":{"line":21,"column":13},"end":{"line":23,"column":9}}],"line":18},"3":{"loc":{"start":{"line":18,"column":12},"end":{"line":18,"column":64}},"type":"binary-expr","locations":[{"start":{"line":18,"column":12},"end":{"line":18,"column":34}},{"start":{"line":18,"column":36},"end":{"line":18,"column":64}}],"line":18}},"s":{"0":3,"1":1,"2":0,"3":1,"4":0,"5":1,"6":3,"7":1,"8":3,"9":2,"10":2,"11":2,"12":1,"13":1,"14":1,"15":3},"f":{"0":1,"1":1,"2":2},"b":{"0":[0,1],"1":[0,1],"2":[1,1],"3":[2,1]},"_coverageSchema":"1a1c01bbd47fc00a2c39e90264f33305004495a9","hash":"e64adee46047ee812aa909b337f90002641c3626"}
,"D:\\node js projects\\parcel_company\\controllers\\parcelController.js": {"path":"D:\\node js projects\\parcel_company\\controllers\\parcelController.js","statementMap":{"0":{"start":{"line":1,"column":12},"end":{"line":1,"column":46}},"1":{"start":{"line":3,"column":12},"end":{"line":11,"column":1}},"2":{"start":{"line":5,"column":14},"end":{"line":5,"column":41}},"3":{"start":{"line":6,"column":5},"end":{"line":9,"column":7}},"4":{"start":{"line":7,"column":6},"end":{"line":7,"column":26}},"5":{"start":{"line":7,"column":15},"end":{"line":7,"column":25}},"6":{"start":{"line":8,"column":8},"end":{"line":8,"column":107}},"7":{"start":{"line":13,"column":16},"end":{"line":27,"column":1}},"8":{"start":{"line":14,"column":4},"end":{"line":26,"column":5}},"9":{"start":{"line":15,"column":18},"end":{"line":15,"column":61}},"10":{"start":{"line":16,"column":8},"end":{"line":25,"column":11}},"11":{"start":{"line":17,"column":10},"end":{"line":18,"column":11}},"12":{"start":{"line":17,"column":19},"end":{"line":17,"column":29}},"13":{"start":{"line":19,"column":20},"end":{"line":19,"column":89}},"14":{"start":{"line":20,"column":10},"end":{"line":23,"column":13}},"15":{"start":{"line":21,"column":10},"end":{"line":21,"column":29}},"16":{"start":{"line":21,"column":19},"end":{"line":21,"column":29}},"17":{"start":{"line":22,"column":10},"end":{"line":22,"column":105}},"18":{"start":{"line":28,"column":19},"end":{"line":34,"column":1}},"19":{"start":{"line":29,"column":16},"end":{"line":29,"column":42}},"20":{"start":{"line":30,"column":6},"end":{"line":33,"column":9}},"21":{"start":{"line":31,"column":6},"end":{"line":31,"column":26}},"22":{"start":{"line":31,"column":15},"end":{"line":31,"column":25}},"23":{"start":{"line":32,"column":6},"end":{"line":32,"column":107}},"24":{"start":{"line":36,"column":0},"end":{"line":40,"column":1}}},"fnMap":{"0":{"name":"(anonymous_0)","decl":{"start":{"line":3,"column":12},"end":{"line":3,"column":13}},"loc":{"start":{"line":3,"column":24},"end":{"line":11,"column":1}},"line":3},"1":{"name":"(anonymous_1)","decl":{"start":{"line":6,"column":20},"end":{"line":6,"column":21}},"loc":{"start":{"line":6,"column":51},"end":{"line":9,"column":5}},"line":6},"2":{"name":"(anonymous_2)","decl":{"start":{"line":13,"column":16},"end":{"line":13,"column":17}},"loc":{"start":{"line":13,"column":28},"end":{"line":27,"column":1}},"line":13},"3":{"name":"(anonymous_3)","decl":{"start":{"line":16,"column":40},"end":{"line":16,"column":41}},"loc":{"start":{"line":16,"column":71},"end":{"line":25,"column":9}},"line":16},"4":{"name":"(anonymous_4)","decl":{"start":{"line":20,"column":93},"end":{"line":20,"column":94}},"loc":{"start":{"line":20,"column":116},"end":{"line":23,"column":11}},"line":20},"5":{"name":"(anonymous_5)","decl":{"start":{"line":28,"column":19},"end":{"line":28,"column":20}},"loc":{"start":{"line":28,"column":31},"end":{"line":34,"column":1}},"line":28},"6":{"name":"(anonymous_6)","decl":{"start":{"line":30,"column":21},"end":{"line":30,"column":22}},"loc":{"start":{"line":30,"column":52},"end":{"line":33,"column":7}},"line":30}},"branchMap":{"0":{"loc":{"start":{"line":7,"column":6},"end":{"line":7,"column":26}},"type":"if","locations":[{"start":{"line":7,"column":6},"end":{"line":7,"column":26}},{"start":{},"end":{}}],"line":7},"1":{"loc":{"start":{"line":14,"column":4},"end":{"line":26,"column":5}},"type":"if","locations":[{"start":{"line":14,"column":4},"end":{"line":26,"column":5}},{"start":{},"end":{}}],"line":14},"2":{"loc":{"start":{"line":17,"column":10},"end":{"line":18,"column":11}},"type":"if","locations":[{"start":{"line":17,"column":10},"end":{"line":18,"column":11}},{"start":{},"end":{}}],"line":17},"3":{"loc":{"start":{"line":21,"column":10},"end":{"line":21,"column":29}},"type":"if","locations":[{"start":{"line":21,"column":10},"end":{"line":21,"column":29}},{"start":{},"end":{}}],"line":21},"4":{"loc":{"start":{"line":31,"column":6},"end":{"line":31,"column":26}},"type":"if","locations":[{"start":{"line":31,"column":6},"end":{"line":31,"column":26}},{"start":{},"end":{}}],"line":31}},"s":{"0":3,"1":3,"2":1,"3":1,"4":1,"5":0,"6":1,"7":3,"8":1,"9":1,"10":1,"11":1,"12":0,"13":1,"14":1,"15":1,"16":0,"17":1,"18":3,"19":1,"20":1,"21":1,"22":0,"23":1,"24":3},"f":{"0":1,"1":1,"2":1,"3":1,"4":1,"5":1,"6":1},"b":{"0":[0,1],"1":[1,0],"2":[0,1],"3":[0,1],"4":[0,1]},"_coverageSchema":"1a1c01bbd47fc00a2c39e90264f33305004495a9","hash":"b6d334249a355e4f2c030d8317e49a09d0fbd224"}
,"D:\\node js projects\\parcel_company\\controllers\\truckController.js": {"path":"D:\\node js projects\\parcel_company\\controllers\\truckController.js","statementMap":{"0":{"start":{"line":1,"column":12},"end":{"line":1,"column":46}},"1":{"start":{"line":2,"column":15},"end":{"line":2,"column":32}},"2":{"start":{"line":5,"column":12},"end":{"line":7,"column":1}},"3":{"start":{"line":6,"column":8},"end":{"line":6,"column":90}},"4":{"start":{"line":10,"column":16},"end":{"line":28,"column":1}},"5":{"start":{"line":11,"column":4},"end":{"line":27,"column":5}},"6":{"start":{"line":12,"column":6},"end":{"line":25,"column":6}},"7":{"start":{"line":14,"column":8},"end":{"line":24,"column":10}},"8":{"start":{"line":15,"column":12},"end":{"line":17,"column":13}},"9":{"start":{"line":16,"column":16},"end":{"line":16,"column":26}},"10":{"start":{"line":18,"column":12},"end":{"line":18,"column":34}},"11":{"start":{"line":19,"column":22},"end":{"line":19,"column":91}},"12":{"start":{"line":20,"column":12},"end":{"line":22,"column":15}},"13":{"start":{"line":21,"column":12},"end":{"line":21,"column":31}},"14":{"start":{"line":21,"column":21},"end":{"line":21,"column":31}},"15":{"start":{"line":23,"column":12},"end":{"line":23,"column":106}},"16":{"start":{"line":30,"column":19},"end":{"line":36,"column":1}},"17":{"start":{"line":31,"column":18},"end":{"line":31,"column":189}},"18":{"start":{"line":32,"column":8},"end":{"line":35,"column":11}},"19":{"start":{"line":33,"column":8},"end":{"line":33,"column":28}},"20":{"start":{"line":33,"column":17},"end":{"line":33,"column":27}},"21":{"start":{"line":34,"column":8},"end":{"line":34,"column":106}},"22":{"start":{"line":38,"column":17},"end":{"line":70,"column":1}},"23":{"start":{"line":39,"column":4},"end":{"line":39,"column":26}},"24":{"start":{"line":40,"column":4},"end":{"line":40,"column":34}},"25":{"start":{"line":41,"column":4},"end":{"line":41,"column":26}},"26":{"start":{"line":42,"column":4},"end":{"line":42,"column":27}},"27":{"start":{"line":43,"column":4},"end":{"line":47,"column":5}},"28":{"start":{"line":44,"column":8},"end":{"line":44,"column":32}},"29":{"start":{"line":46,"column":8},"end":{"line":46,"column":34}},"30":{"start":{"line":48,"column":4},"end":{"line":48,"column":25}},"31":{"start":{"line":49,"column":4},"end":{"line":69,"column":5}},"32":{"start":{"line":50,"column":18},"end":{"line":50,"column":91}},"33":{"start":{"line":51,"column":8},"end":{"line":60,"column":11}},"34":{"start":{"line":52,"column":10},"end":{"line":53,"column":11}},"35":{"start":{"line":52,"column":19},"end":{"line":52,"column":29}},"36":{"start":{"line":54,"column":20},"end":{"line":54,"column":78}},"37":{"start":{"line":55,"column":10},"end":{"line":59,"column":13}},"38":{"start":{"line":56,"column":12},"end":{"line":57,"column":13}},"39":{"start":{"line":56,"column":21},"end":{"line":56,"column":31}},"40":{"start":{"line":58,"column":12},"end":{"line":58,"column":96}},"41":{"start":{"line":62,"column":18},"end":{"line":62,"column":76}},"42":{"start":{"line":63,"column":8},"end":{"line":67,"column":11}},"43":{"start":{"line":64,"column":10},"end":{"line":65,"column":11}},"44":{"start":{"line":64,"column":19},"end":{"line":64,"column":29}},"45":{"start":{"line":66,"column":10},"end":{"line":66,"column":94}},"46":{"start":{"line":72,"column":19},"end":{"line":75,"column":1}},"47":{"start":{"line":73,"column":4},"end":{"line":73,"column":61}},"48":{"start":{"line":77,"column":21},"end":{"line":101,"column":1}},"49":{"start":{"line":78,"column":4},"end":{"line":100,"column":5}},"50":{"start":{"line":79,"column":18},"end":{"line":79,"column":57}},"51":{"start":{"line":80,"column":8},"end":{"line":99,"column":11}},"52":{"start":{"line":81,"column":10},"end":{"line":84,"column":11}},"53":{"start":{"line":81,"column":19},"end":{"line":81,"column":29}},"54":{"start":{"line":82,"column":16},"end":{"line":84,"column":11}},"55":{"start":{"line":83,"column":12},"end":{"line":83,"column":118}},"56":{"start":{"line":85,"column":8},"end":{"line":98,"column":15}},"57":{"start":{"line":86,"column":16},"end":{"line":97,"column":19}},"58":{"start":{"line":90,"column":20},"end":{"line":93,"column":21}},"59":{"start":{"line":91,"column":26},"end":{"line":91,"column":63}},"60":{"start":{"line":92,"column":26},"end":{"line":92,"column":107}},"61":{"start":{"line":94,"column":20},"end":{"line":96,"column":21}},"62":{"start":{"line":95,"column":26},"end":{"line":95,"column":125}},"63":{"start":{"line":102,"column":17},"end":{"line":105,"column":1}},"64":{"start":{"line":103,"column":4},"end":{"line":103,"column":26}},"65":{"start":{"line":104,"column":4},"end":{"line":104,"column":22}},"66":{"start":{"line":106,"column":0},"end":{"line":114,"column":1}}},"fnMap":{"0":{"name":"(anonymous_0)","decl":{"start":{"line":5,"column":12},"end":{"line":5,"column":13}},"loc":{"start":{"line":5,"column":24},"end":{"line":7,"column":1}},"line":5},"1":{"name":"(anonymous_1)","decl":{"start":{"line":10,"column":16},"end":{"line":10,"column":17}},"loc":{"start":{"line":10,"column":28},"end":{"line":28,"column":1}},"line":10},"2":{"name":"(anonymous_2)","decl":{"start":{"line":12,"column":25},"end":{"line":12,"column":26}},"loc":{"start":{"line":12,"column":46},"end":{"line":25,"column":5}},"line":12},"3":{"name":"(anonymous_3)","decl":{"start":{"line":14,"column":45},"end":{"line":14,"column":46}},"loc":{"start":{"line":14,"column":66},"end":{"line":24,"column":9}},"line":14},"4":{"name":"(anonymous_4)","decl":{"start":{"line":20,"column":92},"end":{"line":20,"column":93}},"loc":{"start":{"line":20,"column":115},"end":{"line":22,"column":13}},"line":20},"5":{"name":"(anonymous_5)","decl":{"start":{"line":30,"column":19},"end":{"line":30,"column":20}},"loc":{"start":{"line":30,"column":31},"end":{"line":36,"column":1}},"line":30},"6":{"name":"(anonymous_6)","decl":{"start":{"line":32,"column":23},"end":{"line":32,"column":24}},"loc":{"start":{"line":32,"column":54},"end":{"line":35,"column":9}},"line":32},"7":{"name":"(anonymous_7)","decl":{"start":{"line":38,"column":17},"end":{"line":38,"column":18}},"loc":{"start":{"line":38,"column":28},"end":{"line":70,"column":1}},"line":38},"8":{"name":"(anonymous_8)","decl":{"start":{"line":51,"column":44},"end":{"line":51,"column":45}},"loc":{"start":{"line":51,"column":67},"end":{"line":60,"column":9}},"line":51},"9":{"name":"(anonymous_9)","decl":{"start":{"line":55,"column":36},"end":{"line":55,"column":37}},"loc":{"start":{"line":55,"column":67},"end":{"line":59,"column":11}},"line":55},"10":{"name":"(anonymous_10)","decl":{"start":{"line":63,"column":34},"end":{"line":63,"column":35}},"loc":{"start":{"line":63,"column":65},"end":{"line":67,"column":9}},"line":63},"11":{"name":"(anonymous_11)","decl":{"start":{"line":72,"column":19},"end":{"line":72,"column":20}},"loc":{"start":{"line":72,"column":30},"end":{"line":75,"column":1}},"line":72},"12":{"name":"(anonymous_12)","decl":{"start":{"line":77,"column":21},"end":{"line":77,"column":22}},"loc":{"start":{"line":77,"column":32},"end":{"line":101,"column":1}},"line":77},"13":{"name":"(anonymous_13)","decl":{"start":{"line":80,"column":43},"end":{"line":80,"column":44}},"loc":{"start":{"line":80,"column":74},"end":{"line":99,"column":9}},"line":80},"14":{"name":"(anonymous_14)","decl":{"start":{"line":85,"column":27},"end":{"line":85,"column":28}},"loc":{"start":{"line":85,"column":48},"end":{"line":98,"column":13}},"line":85},"15":{"name":"(anonymous_15)","decl":{"start":{"line":87,"column":20},"end":{"line":87,"column":21}},"loc":{"start":{"line":87,"column":50},"end":{"line":97,"column":17}},"line":87},"16":{"name":"(anonymous_16)","decl":{"start":{"line":102,"column":17},"end":{"line":102,"column":18}},"loc":{"start":{"line":102,"column":29},"end":{"line":105,"column":1}},"line":102}},"branchMap":{"0":{"loc":{"start":{"line":11,"column":4},"end":{"line":27,"column":5}},"type":"if","locations":[{"start":{"line":11,"column":4},"end":{"line":27,"column":5}},{"start":{},"end":{}}],"line":11},"1":{"loc":{"start":{"line":15,"column":12},"end":{"line":17,"column":13}},"type":"if","locations":[{"start":{"line":15,"column":12},"end":{"line":17,"column":13}},{"start":{},"end":{}}],"line":15},"2":{"loc":{"start":{"line":21,"column":12},"end":{"line":21,"column":31}},"type":"if","locations":[{"start":{"line":21,"column":12},"end":{"line":21,"column":31}},{"start":{},"end":{}}],"line":21},"3":{"loc":{"start":{"line":33,"column":8},"end":{"line":33,"column":28}},"type":"if","locations":[{"start":{"line":33,"column":8},"end":{"line":33,"column":28}},{"start":{},"end":{}}],"line":33},"4":{"loc":{"start":{"line":43,"column":4},"end":{"line":47,"column":5}},"type":"if","locations":[{"start":{"line":43,"column":4},"end":{"line":47,"column":5}},{"start":{"line":45,"column":9},"end":{"line":47,"column":5}}],"line":43},"5":{"loc":{"start":{"line":49,"column":4},"end":{"line":69,"column":5}},"type":"if","locations":[{"start":{"line":49,"column":4},"end":{"line":69,"column":5}},{"start":{"line":61,"column":11},"end":{"line":69,"column":5}}],"line":49},"6":{"loc":{"start":{"line":49,"column":8},"end":{"line":49,"column":29}},"type":"binary-expr","locations":[{"start":{"line":49,"column":8},"end":{"line":49,"column":16}},{"start":{"line":49,"column":20},"end":{"line":49,"column":29}}],"line":49},"7":{"loc":{"start":{"line":52,"column":10},"end":{"line":53,"column":11}},"type":"if","locations":[{"start":{"line":52,"column":10},"end":{"line":53,"column":11}},{"start":{},"end":{}}],"line":52},"8":{"loc":{"start":{"line":56,"column":12},"end":{"line":57,"column":13}},"type":"if","locations":[{"start":{"line":56,"column":12},"end":{"line":57,"column":13}},{"start":{},"end":{}}],"line":56},"9":{"loc":{"start":{"line":64,"column":10},"end":{"line":65,"column":11}},"type":"if","locations":[{"start":{"line":64,"column":10},"end":{"line":65,"column":11}},{"start":{},"end":{}}],"line":64},"10":{"loc":{"start":{"line":78,"column":4},"end":{"line":100,"column":5}},"type":"if","locations":[{"start":{"line":78,"column":4},"end":{"line":100,"column":5}},{"start":{},"end":{}}],"line":78},"11":{"loc":{"start":{"line":81,"column":10},"end":{"line":84,"column":11}},"type":"if","locations":[{"start":{"line":81,"column":10},"end":{"line":84,"column":11}},{"start":{"line":82,"column":16},"end":{"line":84,"column":11}}],"line":81},"12":{"loc":{"start":{"line":82,"column":16},"end":{"line":84,"column":11}},"type":"if","locations":[{"start":{"line":82,"column":16},"end":{"line":84,"column":11}},{"start":{},"end":{}}],"line":82},"13":{"loc":{"start":{"line":90,"column":20},"end":{"line":93,"column":21}},"type":"if","locations":[{"start":{"line":90,"column":20},"end":{"line":93,"column":21}},{"start":{},"end":{}}],"line":90},"14":{"loc":{"start":{"line":94,"column":20},"end":{"line":96,"column":21}},"type":"if","locations":[{"start":{"line":94,"column":20},"end":{"line":96,"column":21}},{"start":{},"end":{}}],"line":94}},"s":{"0":3,"1":3,"2":3,"3":1,"4":3,"5":0,"6":0,"7":0,"8":0,"9":0,"10":0,"11":0,"12":0,"13":0,"14":0,"15":0,"16":3,"17":1,"18":1,"19":1,"20":0,"21":1,"22":3,"23":2,"24":2,"25":2,"26":2,"27":2,"28":0,"29":2,"30":2,"31":2,"32":1,"33":1,"34":1,"35":0,"36":1,"37":1,"38":1,"39":0,"40":1,"41":1,"42":1,"43":1,"44":0,"45":1,"46":3,"47":1,"48":3,"49":3,"50":3,"51":3,"52":3,"53":0,"54":3,"55":1,"56":2,"57":2,"58":2,"59":1,"60":1,"61":1,"62":1,"63":3,"64":1,"65":1,"66":3},"f":{"0":1,"1":0,"2":0,"3":0,"4":0,"5":1,"6":1,"7":2,"8":1,"9":1,"10":1,"11":1,"12":3,"13":3,"14":2,"15":2,"16":1},"b":{"0":[0,0],"1":[0,0],"2":[0,0],"3":[0,1],"4":[0,2],"5":[1,1],"6":[2,2],"7":[0,1],"8":[0,1],"9":[0,1],"10":[3,0],"11":[0,3],"12":[1,2],"13":[1,1],"14":[1,0]},"_coverageSchema":"1a1c01bbd47fc00a2c39e90264f33305004495a9","hash":"2a5888620e0d9da0caa6d48cba06364d9b0cd399"}
,"D:\\node js projects\\parcel_company\\models\\databaseModel.js": {"path":"D:\\node js projects\\parcel_company\\models\\databaseModel.js","statementMap":{"0":{"start":{"line":1,"column":14},"end":{"line":1,"column":30}},"1":{"start":{"line":2,"column":12},"end":{"line":7,"column":2}},"2":{"start":{"line":10,"column":0},"end":{"line":12,"column":1}}},"fnMap":{},"branchMap":{},"s":{"0":3,"1":3,"2":3},"f":{},"b":{},"_coverageSchema":"1a1c01bbd47fc00a2c39e90264f33305004495a9","hash":"efdd75ae3a71fcf29063dbfc16f085e92a309b3e"}
,"D:\\node js projects\\parcel_company\\routes\\home.js": {"path":"D:\\node js projects\\parcel_company\\routes\\home.js","statementMap":{"0":{"start":{"line":1,"column":14},"end":{"line":1,"column":32}},"1":{"start":{"line":2,"column":13},"end":{"line":2,"column":29}},"2":{"start":{"line":3,"column":21},"end":{"line":3,"column":61}},"3":{"start":{"line":7,"column":0},"end":{"line":7,"column":36}},"4":{"start":{"line":8,"column":0},"end":{"line":8,"column":42}},"5":{"start":{"line":9,"column":0},"end":{"line":9,"column":48}},"6":{"start":{"line":11,"column":0},"end":{"line":11,"column":24}}},"fnMap":{},"branchMap":{},"s":{"0":3,"1":3,"2":3,"3":3,"4":3,"5":3,"6":3},"f":{},"b":{},"_coverageSchema":"1a1c01bbd47fc00a2c39e90264f33305004495a9","hash":"77e18e32900972197b6e05f75cd8cab6613acaaf"}
,"D:\\node js projects\\parcel_company\\routes\\parcel.js": {"path":"D:\\node js projects\\parcel_company\\routes\\parcel.js","statementMap":{"0":{"start":{"line":1,"column":14},"end":{"line":1,"column":32}},"1":{"start":{"line":2,"column":13},"end":{"line":2,"column":29}},"2":{"start":{"line":3,"column":23},"end":{"line":3,"column":65}},"3":{"start":{"line":5,"column":0},"end":{"line":5,"column":41}},"4":{"start":{"line":6,"column":0},"end":{"line":6,"column":57}},"5":{"start":{"line":7,"column":0},"end":{"line":7,"column":47}},"6":{"start":{"line":9,"column":0},"end":{"line":9,"column":24}}},"fnMap":{},"branchMap":{},"s":{"0":3,"1":3,"2":3,"3":3,"4":3,"5":3,"6":3},"f":{},"b":{},"_coverageSchema":"1a1c01bbd47fc00a2c39e90264f33305004495a9","hash":"a65785fecdcd3dd3f28d31a22ec197f31c715d0b"}
,"D:\\node js projects\\parcel_company\\routes\\truck.js": {"path":"D:\\node js projects\\parcel_company\\routes\\truck.js","statementMap":{"0":{"start":{"line":1,"column":14},"end":{"line":1,"column":32}},"1":{"start":{"line":2,"column":13},"end":{"line":2,"column":29}},"2":{"start":{"line":3,"column":22},"end":{"line":3,"column":63}},"3":{"start":{"line":5,"column":0},"end":{"line":5,"column":40}},"4":{"start":{"line":6,"column":0},"end":{"line":6,"column":45}},"5":{"start":{"line":8,"column":0},"end":{"line":8,"column":54}},"6":{"start":{"line":9,"column":0},"end":{"line":9,"column":54}},"7":{"start":{"line":10,"column":0},"end":{"line":10,"column":58}},"8":{"start":{"line":11,"column":0},"end":{"line":11,"column":61}},"9":{"start":{"line":14,"column":0},"end":{"line":14,"column":50}},"10":{"start":{"line":18,"column":0},"end":{"line":18,"column":24}}},"fnMap":{},"branchMap":{},"s":{"0":3,"1":3,"2":3,"3":3,"4":3,"5":3,"6":3,"7":3,"8":3,"9":3,"10":3},"f":{},"b":{},"_coverageSchema":"1a1c01bbd47fc00a2c39e90264f33305004495a9","hash":"2cde5f34334a93406e580c255302b62f2ebc3227"}
}
