TN:
SF:app.js
FN:37,(anonymous_0)
FN:42,(anonymous_1)
FN:52,(anonymous_2)
FN:55,(anonymous_3)
FNF:4
FNH:1
FNDA:0,(anonymous_0)
FNDA:0,(anonymous_1)
FNDA:60,(anonymous_2)
FNDA:0,(anonymous_3)
DA:1,3
DA:2,3
DA:3,3
DA:4,3
DA:5,3
DA:6,3
DA:9,3
DA:10,3
DA:11,3
DA:13,3
DA:14,3
DA:15,3
DA:17,3
DA:18,3
DA:19,3
DA:23,3
DA:24,3
DA:26,3
DA:27,3
DA:28,3
DA:29,3
DA:30,3
DA:32,3
DA:33,3
DA:34,3
DA:37,3
DA:38,0
DA:42,3
DA:44,0
DA:45,0
DA:48,0
DA:49,0
DA:52,3
DA:53,60
DA:55,3
DA:56,0
DA:57,0
DA:61,3
LF:38
LH:31
BRDA:45,0,0,0
BRDA:45,0,1,0
BRDA:48,1,0,0
BRDA:48,1,1,0
BRDA:53,2,0,24
BRDA:53,2,1,36
BRDA:56,3,0,0
BRDA:56,3,1,0
BRF:8
BRH:2
end_of_record
TN:
SF:controllers\homeController.js
FN:2,(anonymous_0)
FN:11,(anonymous_1)
FN:15,(anonymous_2)
FNF:3
FNH:3
FNDA:1,(anonymous_0)
FNDA:1,(anonymous_1)
FNDA:2,(anonymous_2)
DA:2,3
DA:3,1
DA:4,0
DA:5,1
DA:6,0
DA:8,1
DA:11,3
DA:12,1
DA:15,3
DA:16,2
DA:17,2
DA:18,2
DA:19,1
DA:20,1
DA:22,1
DA:27,3
LF:16
LH:14
BRDA:3,0,0,0
BRDA:3,0,1,1
BRDA:5,1,0,0
BRDA:5,1,1,1
BRDA:18,2,0,1
BRDA:18,2,1,1
BRDA:18,3,0,2
BRDA:18,3,1,1
BRF:8
BRH:6
end_of_record
TN:
SF:controllers\parcelController.js
FN:3,(anonymous_0)
FN:6,(anonymous_1)
FN:13,(anonymous_2)
FN:16,(anonymous_3)
FN:20,(anonymous_4)
FN:28,(anonymous_5)
FN:30,(anonymous_6)
FNF:7
FNH:7
FNDA:1,(anonymous_0)
FNDA:1,(anonymous_1)
FNDA:1,(anonymous_2)
FNDA:1,(anonymous_3)
FNDA:1,(anonymous_4)
FNDA:1,(anonymous_5)
FNDA:1,(anonymous_6)
DA:1,3
DA:3,3
DA:5,1
DA:6,1
DA:7,1
DA:8,1
DA:13,3
DA:14,1
DA:15,1
DA:16,1
DA:17,1
DA:19,1
DA:20,1
DA:21,1
DA:22,1
DA:28,3
DA:29,1
DA:30,1
DA:31,1
DA:32,1
DA:36,3
LF:21
LH:21
BRDA:7,0,0,0
BRDA:7,0,1,1
BRDA:14,1,0,1
BRDA:14,1,1,0
BRDA:17,2,0,0
BRDA:17,2,1,1
BRDA:21,3,0,0
BRDA:21,3,1,1
BRDA:31,4,0,0
BRDA:31,4,1,1
BRF:10
BRH:5
end_of_record
TN:
SF:controllers\truckController.js
FN:5,(anonymous_0)
FN:10,(anonymous_1)
FN:12,(anonymous_2)
FN:14,(anonymous_3)
FN:20,(anonymous_4)
FN:30,(anonymous_5)
FN:32,(anonymous_6)
FN:38,(anonymous_7)
FN:51,(anonymous_8)
FN:55,(anonymous_9)
FN:63,(anonymous_10)
FN:72,(anonymous_11)
FN:77,(anonymous_12)
FN:80,(anonymous_13)
FN:85,(anonymous_14)
FN:87,(anonymous_15)
FN:102,(anonymous_16)
FNF:17
FNH:13
FNDA:1,(anonymous_0)
FNDA:0,(anonymous_1)
FNDA:0,(anonymous_2)
FNDA:0,(anonymous_3)
FNDA:0,(anonymous_4)
FNDA:1,(anonymous_5)
FNDA:1,(anonymous_6)
FNDA:2,(anonymous_7)
FNDA:1,(anonymous_8)
FNDA:1,(anonymous_9)
FNDA:1,(anonymous_10)
FNDA:1,(anonymous_11)
FNDA:3,(anonymous_12)
FNDA:3,(anonymous_13)
FNDA:2,(anonymous_14)
FNDA:2,(anonymous_15)
FNDA:1,(anonymous_16)
DA:1,3
DA:2,3
DA:5,3
DA:6,1
DA:10,3
DA:11,0
DA:12,0
DA:14,0
DA:15,0
DA:16,0
DA:18,0
DA:19,0
DA:20,0
DA:21,0
DA:23,0
DA:30,3
DA:31,1
DA:32,1
DA:33,1
DA:34,1
DA:38,3
DA:39,2
DA:40,2
DA:41,2
DA:42,2
DA:43,2
DA:44,0
DA:46,2
DA:48,2
DA:49,2
DA:50,1
DA:51,1
DA:52,1
DA:54,1
DA:55,1
DA:56,1
DA:58,1
DA:62,1
DA:63,1
DA:64,1
DA:66,1
DA:72,3
DA:73,1
DA:77,3
DA:78,3
DA:79,3
DA:80,3
DA:81,3
DA:82,3
DA:83,1
DA:85,2
DA:86,2
DA:90,2
DA:91,1
DA:92,1
DA:94,1
DA:95,1
DA:102,3
DA:103,1
DA:104,1
DA:106,3
LF:61
LH:50
BRDA:11,0,0,0
BRDA:11,0,1,0
BRDA:15,1,0,0
BRDA:15,1,1,0
BRDA:21,2,0,0
BRDA:21,2,1,0
BRDA:33,3,0,0
BRDA:33,3,1,1
BRDA:43,4,0,0
BRDA:43,4,1,2
BRDA:49,5,0,1
BRDA:49,5,1,1
BRDA:49,6,0,2
BRDA:49,6,1,2
BRDA:52,7,0,0
BRDA:52,7,1,1
BRDA:56,8,0,0
BRDA:56,8,1,1
BRDA:64,9,0,0
BRDA:64,9,1,1
BRDA:78,10,0,3
BRDA:78,10,1,0
BRDA:81,11,0,0
BRDA:81,11,1,3
BRDA:82,12,0,1
BRDA:82,12,1,2
BRDA:90,13,0,1
BRDA:90,13,1,1
BRDA:94,14,0,1
BRDA:94,14,1,0
BRF:30
BRH:16
end_of_record
TN:
SF:models\databaseModel.js
FNF:0
FNH:0
DA:1,3
DA:2,3
DA:10,3
LF:3
LH:3
BRF:0
BRH:0
end_of_record
TN:
SF:routes\home.js
FNF:0
FNH:0
DA:1,3
DA:2,3
DA:3,3
DA:7,3
DA:8,3
DA:9,3
DA:11,3
LF:7
LH:7
BRF:0
BRH:0
end_of_record
TN:
SF:routes\parcel.js
FNF:0
FNH:0
DA:1,3
DA:2,3
DA:3,3
DA:5,3
DA:6,3
DA:7,3
DA:9,3
LF:7
LH:7
BRF:0
BRH:0
end_of_record
TN:
SF:routes\truck.js
FNF:0
FNH:0
DA:1,3
DA:2,3
DA:3,3
DA:5,3
DA:6,3
DA:8,3
DA:9,3
DA:10,3
DA:11,3
DA:14,3
DA:18,3
LF:11
LH:11
BRF:0
BRH:0
end_of_record
